{
  "stats": {
    "suites": 1,
    "tests": 1,
    "passes": 1,
    "pending": 0,
    "failures": 0,
    "start": "2025-09-19T08:59:58.177Z",
    "end": "2025-09-19T09:00:06.393Z",
    "duration": 8216,
    "testsRegistered": 1,
    "passPercent": 100,
    "pendingPercent": 0,
    "other": 0,
    "hasOther": false,
    "skipped": 0,
    "hasSkipped": false
  },
  "results": [
    {
      "uuid": "b3ad8a66-11bb-44d6-a6f7-ecab954f48fe",
      "title": "",
      "fullFile": "cypress\\Integration\\examples\\AddtoCard.js",
      "file": "cypress\\Integration\\examples\\AddtoCard.js",
      "beforeHooks": [],
      "afterHooks": [],
      "tests": [],
      "suites": [
        {
          "uuid": "555afae2-3536-4d23-813e-bf2b18092f8e",
          "title": "Add to cart",
          "fullFile": "",
          "file": "",
          "beforeHooks": [],
          "afterHooks": [],
          "tests": [
            {
              "title": "Visits a webpage and performs actions",
              "fullTitle": "Add to cart Visits a webpage and performs actions",
              "timedOut": null,
              "duration": 5208,
              "state": "passed",
              "speed": "medium",
              "pass": true,
              "fail": false,
              "pending": false,
              "context": null,
              "code": "cy.visit(\"https://www.saucedemo.com/v1/index.html\");\ncy.get('input[name=\"user-name\"]').type(\"standard_user\");\ncy.get(\"input#password\").type(\"secret_sauce\");\ncy.get('input[type=\"submit\"]').click();\ncy.get(\"a#item_4_title_link\").invoke(\"text\").then((AR) => {\n  let ER = \"Sauce Labs Backpack\";\n  if (AR === ER) {\n    cy.log(\"\\u2705 Pass: Text matches\");\n  } else {\n    cy.log(\"\\u274C Fail: Text does not match\");\n  }\n});\ncy.contains(\".inventory_item_name\", \"Sauce Labs Backpack\").parents(\".inventory_item\").find(\".inventory_item_desc\").invoke(\"text\").then((AR1) => {\n  let ER1 = \"carry.allTheThings() with the sleek, streamlined Sly Pack that melds uncompromising style with unequaled laptop and tablet protection.\";\n  if (AR1 === ER1) {\n    cy.log(\"\\u2705 Pass: Text matches\");\n  } else {\n    cy.log(\"\\u274C Fail: Text does not match\");\n  }\n});\ncy.contains(\".inventory_item_name\", \"Sauce Labs Backpack\").parents(\".inventory_item\").find(\"button\").click();\ncy.get(\".shopping_cart_badge\").should(\"have.text\", \"1\").click();\ncy.contains(\".btn_action.checkout_button\", \"CHECKOUT\").click();\ncy.log(\"order checkouted successfully\");",
              "err": {},
              "uuid": "021a8847-167b-41f6-88b9-799c1ef6a39f",
              "parentUUID": "555afae2-3536-4d23-813e-bf2b18092f8e",
              "isHook": false,
              "skipped": false
            }
          ],
          "suites": [],
          "passes": [
            "021a8847-167b-41f6-88b9-799c1ef6a39f"
          ],
          "failures": [],
          "pending": [],
          "skipped": [],
          "duration": 5208,
          "root": false,
          "rootEmpty": false,
          "_timeout": 2000
        }
      ],
      "passes": [],
      "failures": [],
      "pending": [],
      "skipped": [],
      "duration": 0,
      "root": true,
      "rootEmpty": true,
      "_timeout": 2000
    }
  ],
  "meta": {
    "mocha": {
      "version": "7.2.0"
    },
    "mochawesome": {
      "options": {
        "quiet": false,
        "reportFilename": "mochawesome",
        "saveHtml": true,
        "saveJson": true,
        "consoleReporter": "spec",
        "useInlineDiffs": false,
        "code": true
      },
      "version": "7.1.4"
    },
    "marge": {
      "options": {
        "reportDir": "E:\\Cypress\\CypressAutomation\\cypress\\reports",
        "overwrite": true,
        "html": true,
        "json": true
      },
      "version": "6.3.0"
    }
  }
}